  main.cpp
  ApplicationManager.cpp
  Output.cpp
  Input.cpp
  CTriangle.cpp
  CRhombus.cpp
  AddRectAction.cpp
  CRectangle.cpp
  CLine.cpp
  CFigure.cpp
  CEllipse.cpp
  windowinput.cpp
  mousequeue.cpp
  keyqueue.cpp
  image.cpp
c:\users\abdalla mahmoud\desktop\final version\cmugraphicslib\image.cpp(115): warning C4018: '<': signed/unsigned mismatch
  colors.cpp
  CMUgraphics.cpp
c:\users\abdalla mahmoud\desktop\final version\cmugraphicslib\cmugraphics.cpp(257): warning C4101: 'iX': unreferenced local variable
c:\users\abdalla mahmoud\desktop\final version\cmugraphicslib\cmugraphics.cpp(257): warning C4101: 'iY': unreferenced local variable
c:\users\abdalla mahmoud\desktop\final version\cmugraphicslib\cmugraphics.cpp(751): warning C4996: 'strcpy': This function or variable may be unsafe. Consider using strcpy_s instead. To disable deprecation, use _CRT_SECURE_NO_WARNINGS. See online help for details.
  c:\program files (x86)\windows kits\10\include\10.0.17134.0\ucrt\string.h(133): note: see declaration of 'strcpy'
c:\users\abdalla mahmoud\desktop\final version\cmugraphicslib\cmugraphics.cpp(1164): warning C4996: 'sprintf': This function or variable may be unsafe. Consider using sprintf_s instead. To disable deprecation, use _CRT_SECURE_NO_WARNINGS. See online help for details.
  c:\program files (x86)\windows kits\10\include\10.0.17134.0\ucrt\stdio.h(1774): note: see declaration of 'sprintf'
c:\users\abdalla mahmoud\desktop\final version\cmugraphicslib\cmugraphics.cpp(1171): warning C4996: 'sprintf': This function or variable may be unsafe. Consider using sprintf_s instead. To disable deprecation, use _CRT_SECURE_NO_WARNINGS. See online help for details.
  c:\program files (x86)\windows kits\10\include\10.0.17134.0\ucrt\stdio.h(1774): note: see declaration of 'sprintf'
c:\users\abdalla mahmoud\desktop\final version\cmugraphicslib\cmugraphics.cpp(1202): warning C4996: 'sprintf': This function or variable may be unsafe. Consider using sprintf_s instead. To disable deprecation, use _CRT_SECURE_NO_WARNINGS. See online help for details.
  c:\program files (x86)\windows kits\10\include\10.0.17134.0\ucrt\stdio.h(1774): note: see declaration of 'sprintf'
c:\users\abdalla mahmoud\desktop\final version\cmugraphicslib\cmugraphics.cpp(1210): warning C4996: 'sprintf': This function or variable may be unsafe. Consider using sprintf_s instead. To disable deprecation, use _CRT_SECURE_NO_WARNINGS. See online help for details.
  c:\program files (x86)\windows kits\10\include\10.0.17134.0\ucrt\stdio.h(1774): note: see declaration of 'sprintf'
c:\users\abdalla mahmoud\desktop\final version\cmugraphicslib\cmugraphics.cpp(1357): warning C4018: '>': signed/unsigned mismatch
  auxil.cpp
  VoiceAction.cpp
  SwitchToPlayAction.cpp
  Generating Code...
  Compiling...
  SwitchToDrawAction.cpp
  SelectAction.cpp
  SaveTypeAction.cpp
  SaveAction.cpp
  PickTypeAction.cpp
c:\users\abdalla mahmoud\desktop\final version\actions\picktypeaction.cpp(81): warning C4244: 'argument': conversion from 'time_t' to 'unsigned int', possible loss of data
  PickColorAction.cpp
c:\users\abdalla mahmoud\desktop\final version\actions\pickcoloraction.cpp(92): warning C4244: 'argument': conversion from 'time_t' to 'unsigned int', possible loss of data
  PasteAction.cpp
  LoadAction.cpp
  FrontBackAction.cpp
  ExitAction.cpp
  DeleteAction.cpp
  CutAction.cpp
  CopyAction.cpp
c:\users\abdalla mahmoud\desktop\final version\actions\copyaction.cpp(65): warning C4390: ';': empty controlled statement found; is this the intent?
  ChngFilClrAction.cpp
  ChngDrwClrAction.cpp
  AddTriAction.cpp
  AddRhomAction.cpp
  AddLineAction.cpp
  AddEllipseAction.cpp
  Generating Code...
  jutils.c
  jquant2.c
  jquant1.c
  jmemnobs.c
  jmemmgr.c
c:\users\abdalla mahmoud\desktop\final version\cmugraphicslib\jpeg\jmemmgr.c(1103): warning C4996: 'getenv': This function or variable may be unsafe. Consider using _dupenv_s instead. To disable deprecation, use _CRT_SECURE_NO_WARNINGS. See online help for details.
  c:\program files (x86)\windows kits\10\include\10.0.17134.0\ucrt\stdlib.h(1191): note: see declaration of 'getenv'
c:\users\abdalla mahmoud\desktop\final version\cmugraphicslib\jpeg\jmemmgr.c(1106): warning C4996: 'sscanf': This function or variable may be unsafe. Consider using sscanf_s instead. To disable deprecation, use _CRT_SECURE_NO_WARNINGS. See online help for details.
  c:\program files (x86)\windows kits\10\include\10.0.17134.0\ucrt\stdio.h(2263): note: see declaration of 'sscanf'
  jidctred.c
  jidctint.c
  jidctfst.c
  jidctflt.c
  jerror.c
c:\users\abdalla mahmoud\desktop\final version\cmugraphicslib\jpeg\jerror.c(169): warning C4996: 'sprintf': This function or variable may be unsafe. Consider using sprintf_s instead. To disable deprecation, use _CRT_SECURE_NO_WARNINGS. See online help for details.
  c:\program files (x86)\windows kits\10\include\10.0.17134.0\ucrt\stdio.h(1774): note: see declaration of 'sprintf'
c:\users\abdalla mahmoud\desktop\final version\cmugraphicslib\jpeg\jerror.c(171): warning C4996: 'sprintf': This function or variable may be unsafe. Consider using sprintf_s instead. To disable deprecation, use _CRT_SECURE_NO_WARNINGS. See online help for details.
  c:\program files (x86)\windows kits\10\include\10.0.17134.0\ucrt\stdio.h(1774): note: see declaration of 'sprintf'
  jdtrans.c
  jdsample.c
  jdpostct.c
  jdphuff.c
  jdmerge.c
  jdmaster.c
  jdmarker.c
  jdmainct.c
  jdinput.c
  jdhuff.c
  Generating Code...
  Compiling...
  jddctmgr.c
  jdcolor.c
  jdcoefct.c
  jdatasrc.c
  jdapistd.c
  jdapimin.c
  jcparam.c
  jcomapi.c
  jpegload.c
c:\users\abdalla mahmoud\desktop\final version\cmugraphicslib\jpegload.c(23): warning C4996: 'fopen': This function or variable may be unsafe. Consider using fopen_s instead. To disable deprecation, use _CRT_SECURE_NO_WARNINGS. See online help for details.
  c:\program files (x86)\windows kits\10\include\10.0.17134.0\ucrt\stdio.h(208): note: see declaration of 'fopen'
  Generating Code...
AddEllipseAction.obj : warning LNK4075: ignoring '/EDITANDCONTINUE' due to '/SAFESEH' specification
  PT-Project.vcxproj -> C:\Users\abdalla mahmoud\Desktop\final version\.\Debug\PT Project.exe
